<?xml version="1.0" encoding="UTF-8"?>
<?totaltestVersion 20.10.3.v20220524-1628_164?>
<!--Topaz for Total Test 20.10.3.v20220524-1628_164 26-Jun-2022 11:28:25-->
<testsuites>
  <testsuite name="ALJOCOB_Scenario" errors="0" tests="1" failures="1">
    <testcase classname="ALJOCOB_Scenario" name="Unit Test: Test Case: ALJOCOBCase1 for program: ALJOCOB">
      <failure>Failure    Stub: ALJOCOB_RPTFILE_FILE_01 Record: 00010 Message: Check for EXTRA_FIELD failed. Actual: X'00' Expected: X'E8'
Failure    Stub: ALJOCOB_RPTFILE_FILE_01 Record: 00011 Message: Check for EXTRA_FIELD failed. Actual: X'00' Expected: X'E8'
Failure    Stub: ALJOCOB_RPTFILE_FILE_01 Record: 00012 Message: Check for EXTRA_FIELD failed. Actual: X'00' Expected: X'E8'
Failure    Stub: ALJOCOB_RPTFILE_FILE_01 Record: 00013 Message: Check for EXTRA_FIELD failed. Actual: X'00' Expected: X'E8'
Failure    Stub: ALJOCOB_RPTFILE_FILE_01 Record: 00014 Message: Check for EXTRA_FIELD failed. Actual: X'00' Expected: X'E8'
Failure    Stub: ALJOCOB_RPTFILE_FILE_01 Record: 00015 Message: Check for EXTRA_FIELD failed. Actual: X'00' Expected: X'E8'
Failure    Stub: ALJOCOB_RPTFILE_FILE_01 Record: 00016 Message: Check for EXTRA_FIELD failed. Actual: X'00' Expected: X'E8'
Failure    Stub: ALJOCOB_RPTFILE_FILE_01 Record: 00017 Message: Check for EXTRA_FIELD failed. Actual: X'00' Expected: X'E8'
Failure    Stub: ALJOCOB_RPTFILE_FILE_01 Record: 00018 Message: Check for EXTRA_FIELD failed. Actual: X'00' Expected: X'E8'
Failure    Stub: ALJOCOB_RPTFILE_FILE_01 Record: 00019 Message: Check for EXTRA_FIELD failed. Actual: X'00' Expected: X'E8'
Failure    Stub: ALJOCOB_RPTFILE_FILE_01 Record: 00020 Message: Check for EXTRA_FIELD failed. Actual: X'00' Expected: X'E8'
Failure    Stub: ALJOCOB_RPTFILE_FILE_01 Record: 00021 Message: Check for EXTRA_FIELD failed. Actual: X'00' Expected: X'E8'</failure>
    </testcase>
    <testcase classname="ALJOCOB_Scenario" name="Unit Test: Test Case: ALJOCOBCase2 for program: ALJOCOB">
      <failure>Failure    Stub: ALJOCOB_RPTFILE_FILE_01 Record: 00010 Message: Check for EXTRA_FIELD failed. Actual: X'00' Expected: X'E8'
Failure    Stub: ALJOCOB_RPTFILE_FILE_01 Record: 00011 Message: Check for EXTRA_FIELD failed. Actual: X'00' Expected: X'E8'
Failure    Stub: ALJOCOB_RPTFILE_FILE_01 Record: 00012 Message: Check for EXTRA_FIELD failed. Actual: X'00' Expected: X'E8'
Failure    Stub: ALJOCOB_RPTFILE_FILE_01 Record: 00013 Message: Check for EXTRA_FIELD failed. Actual: X'00' Expected: X'E8'
Failure    Stub: ALJOCOB_RPTFILE_FILE_01 Record: 00014 Message: Check for EXTRA_FIELD failed. Actual: X'00' Expected: X'E8'
Failure    Stub: ALJOCOB_RPTFILE_FILE_01 Record: 00015 Message: Check for EXTRA_FIELD failed. Actual: X'00' Expected: X'E8'
Failure    Stub: ALJOCOB_RPTFILE_FILE_01 Record: 00016 Message: Check for EXTRA_FIELD failed. Actual: X'00' Expected: X'E8'
Failure    Stub: ALJOCOB_RPTFILE_FILE_01 Record: 00017 Message: Check for EXTRA_FIELD failed. Actual: X'00' Expected: X'E8'
Failure    Stub: ALJOCOB_RPTFILE_FILE_01 Record: 00018 Message: Check for EMP_DTL_WAGES failed. Actual: 1100.00 Expected: 1017.50
Failure    Stub: ALJOCOB_RPTFILE_FILE_01 Record: 00018 Message: Check for EMP_DTL_OT failed. Actual: 412.50 Expected: 0.00
Failure    Stub: ALJOCOB_RPTFILE_FILE_01 Record: 00018 Message: Check for EMP_DTL_TOTAL failed. Actual: 1512.50 Expected: 1017.50
Failure    Stub: ALJOCOB_RPTFILE_FILE_01 Record: 00018 Message: Check for EXTRA_FIELD failed. Actual: X'00' Expected: X'E8'
Failure    Stub: ALJOCOB_RPTFILE_FILE_01 Record: 00019 Message: Check for EXTRA_FIELD failed. Actual: X'00' Expected: X'E8'
Failure    Stub: ALJOCOB_RPTFILE_FILE_01 Record: 00020 Message: Check for EXTRA_FIELD failed. Actual: X'00' Expected: X'E8'
Failure    Stub: ALJOCOB_RPTFILE_FILE_01 Record: 00021 Message: Check for EXTRA_FIELD failed. Actual: X'00' Expected: X'E8'
Failure    Stub: ALJOCOB_RPTFILE_FILE_01 Record: 00023 Message: Check for EMP_GRAND_TOTAL failed. Actual: 43561.00 Expected: 43066.00</failure>
    </testcase>
  </testsuite>
</testsuites>
